[2024-02-24 16:17:32] local.ERROR: Call to undefined method App\Models\HUD::hud_contacts_report() {"userId":1,"exception":"[object] (BadMethodCallException(code: 0): Call to undefined method App\\Models\\HUD::hud_contacts_report() at /home/u508442757/domains/tndphpm.com/public_html/admportal/vendor/laravel/framework/src/Illuminate/Support/Traits/ForwardsCalls.php:50)
[stacktrace]
#0 /home/u508442757/domains/tndphpm.com/public_html/admportal/vendor/laravel/framework/src/Illuminate/Support/Traits/ForwardsCalls.php(36): Illuminate\\Database\\Eloquent\\Model::throwBadMethodCallException('hud_contacts_re...')
#1 /home/u508442757/domains/tndphpm.com/public_html/admportal/vendor/laravel/framework/src/Illuminate/Database/Eloquent/Model.php(1618): Illuminate\\Database\\Eloquent\\Model->forwardCallTo(Object(Illuminate\\Database\\Eloquent\\Builder), 'hud_contacts_re...', Array)
#2 /home/u508442757/domains/tndphpm.com/public_html/admportal/vendor/laravel/framework/src/Illuminate/Database/Eloquent/Concerns/QueriesRelationships.php(475): Illuminate\\Database\\Eloquent\\Model->__call('hud_contacts_re...', Array)
#3 [internal function]: Illuminate\\Database\\Eloquent\\Builder->Illuminate\\Database\\Eloquent\\Concerns\\{closure}()
#4 /home/u508442757/domains/tndphpm.com/public_html/admportal/vendor/laravel/framework/src/Illuminate/Database/Eloquent/Relations/Relation.php(90): call_user_func(Object(Closure))
#5 /home/u508442757/domains/tndphpm.com/public_html/admportal/vendor/laravel/framework/src/Illuminate/Database/Eloquent/Concerns/QueriesRelationships.php(476): Illuminate\\Database\\Eloquent\\Relations\\Relation::noConstraints(Object(Closure))
#6 /home/u508442757/domains/tndphpm.com/public_html/admportal/vendor/laravel/framework/src/Illuminate/Database/Eloquent/Concerns/QueriesRelationships.php(378): Illuminate\\Database\\Eloquent\\Builder->getRelationWithoutConstraints('hud_contacts_re...')
#7 /home/u508442757/domains/tndphpm.com/public_html/admportal/app/Exports/ConsolidateHudReport.php(24): Illuminate\\Database\\Eloquent\\Builder->withCount(Array)
#8 /home/u508442757/domains/tndphpm.com/public_html/admportal/vendor/maatwebsite/excel/src/Sheet.php(472): App\\Exports\\ConsolidateHudReport->collection()
#9 /home/u508442757/domains/tndphpm.com/public_html/admportal/vendor/maatwebsite/excel/src/Sheet.php(219): Maatwebsite\\Excel\\Sheet->fromCollection(Object(App\\Exports\\ConsolidateHudReport))
#10 /home/u508442757/domains/tndphpm.com/public_html/admportal/vendor/maatwebsite/excel/src/Writer.php(71): Maatwebsite\\Excel\\Sheet->export(Object(App\\Exports\\ConsolidateHudReport))
#11 /home/u508442757/domains/tndphpm.com/public_html/admportal/vendor/maatwebsite/excel/src/Excel.php(195): Maatwebsite\\Excel\\Writer->export(Object(App\\Exports\\ConsolidateHudReport), 'Xlsx')
#12 /home/u508442757/domains/tndphpm.com/public_html/admportal/vendor/maatwebsite/excel/src/Excel.php(84): Maatwebsite\\Excel\\Excel->export(Object(App\\Exports\\ConsolidateHudReport), 'consolidate-hud...', 'Xlsx')
#13 /home/u508442757/domains/tndphpm.com/public_html/admportal/vendor/laravel/framework/src/Illuminate/Support/Facades/Facade.php(239): Maatwebsite\\Excel\\Excel->download(Object(App\\Exports\\ConsolidateHudReport), 'consolidate-hud...')
#14 /home/u508442757/domains/tndphpm.com/public_html/admportal/app/Http/Controllers/Admin/HudController.php(258): Illuminate\\Support\\Facades\\Facade::__callStatic('download', Array)
#15 [internal function]: App\\Http\\Controllers\\Admin\\HudController->consolidateReport(Object(Illuminate\\Http\\Request))
#16 /home/u508442757/domains/tndphpm.com/public_html/admportal/vendor/laravel/framework/src/Illuminate/Routing/Controller.php(54): call_user_func_array(Array, Array)
#17 /home/u508442757/domains/tndphpm.com/public_html/admportal/vendor/laravel/framework/src/Illuminate/Routing/ControllerDispatcher.php(45): Illuminate\\Routing\\Controller->callAction('consolidateRepo...', Array)
#18 /home/u508442757/domains/tndphpm.com/public_html/admportal/vendor/laravel/framework/src/Illuminate/Routing/Route.php(219): Illuminate\\Routing\\ControllerDispatcher->dispatch(Object(Illuminate\\Routing\\Route), Object(App\\Http\\Controllers\\Admin\\HudController), 'consolidateRepo...')
#19 /home/u508442757/domains/tndphpm.com/public_html/admportal/vendor/laravel/framework/src/Illuminate/Routing/Route.php(176): Illuminate\\Routing\\Route->runController()
#20 /home/u508442757/domains/tndphpm.com/public_html/admportal/vendor/laravel/framework/src/Illuminate/Routing/Router.php(680): Illuminate\\Routing\\Route->run()
#21 /home/u508442757/domains/tndphpm.com/public_html/admportal/vendor/laravel/framework/src/Illuminate/Routing/Pipeline.php(30): Illuminate\\Routing\\Router->Illuminate\\Routing\\{closure}(Object(Illuminate\\Http\\Request))
#22 /home/u508442757/domains/tndphpm.com/public_html/admportal/vendor/laravel/framework/src/Illuminate/Routing/Middleware/SubstituteBindings.php(41): Illuminate\\Routing\\Pipeline->Illuminate\\Routing\\{closure}(Object(Illuminate\\Http\\Request))
#23 /home/u508442757/domains/tndphpm.com/public_html/admportal/vendor/laravel/framework/src/Illuminate/Pipeline/Pipeline.php(163): Illuminate\\Routing\\Middleware\\SubstituteBindings->handle(Object(Illuminate\\Http\\Request), Object(Closure))
#24 /home/u508442757/domains/tndphpm.com/public_html/admportal/vendor/laravel/framework/src/Illuminate/Routing/Pipeline.php(53): Illuminate\\Pipeline\\Pipeline->Illuminate\\Pipeline\\{closure}(Object(Illuminate\\Http\\Request))
#25 /home/u508442757/domains/tndphpm.com/public_html/admportal/vendor/laravel/framework/src/Illuminate/Auth/Middleware/Authenticate.php(43): Illuminate\\Routing\\Pipeline->Illuminate\\Routing\\{closure}(Object(Illuminate\\Http\\Request))
#26 /home/u508442757/domains/tndphpm.com/public_html/admportal/vendor/laravel/framework/src/Illuminate/Pipeline/Pipeline.php(163): Illuminate\\Auth\\Middleware\\Authenticate->handle(Object(Illuminate\\Http\\Request), Object(Closure))
#27 /home/u508442757/domains/tndphpm.com/public_html/admportal/vendor/laravel/framework/src/Illuminate/Routing/Pipeline.php(53): Illuminate\\Pipeline\\Pipeline->Illuminate\\Pipeline\\{closure}(Object(Illuminate\\Http\\Request))
#28 /home/u508442757/domains/tndphpm.com/public_html/admportal/vendor/laravel/framework/src/Illuminate/Foundation/Http/Middleware/VerifyCsrfToken.php(75): Illuminate\\Routing\\Pipeline->Illuminate\\Routing\\{closure}(Object(Illuminate\\Http\\Request))
#29 /home/u508442757/domains/tndphpm.com/public_html/admportal/vendor/laravel/framework/src/Illuminate/Pipeline/Pipeline.php(163): Illuminate\\Foundation\\Http\\Middleware\\VerifyCsrfToken->handle(Object(Illuminate\\Http\\Request), Object(Closure))
#30 /home/u508442757/domains/tndphpm.com/public_html/admportal/vendor/laravel/framework/src/Illuminate/Routing/Pipeline.php(53): Illuminate\\Pipeline\\Pipeline->Illuminate\\Pipeline\\{closure}(Object(Illuminate\\Http\\Request))
#31 /home/u508442757/domains/tndphpm.com/public_html/admportal/vendor/laravel/framework/src/Illuminate/View/Middleware/ShareErrorsFromSession.php(49): Illuminate\\Routing\\Pipeline->Illuminate\\Routing\\{closure}(Object(Illuminate\\Http\\Request))
#32 /home/u508442757/domains/tndphpm.com/public_html/admportal/vendor/laravel/framework/src/Illuminate/Pipeline/Pipeline.php(163): Illuminate\\View\\Middleware\\ShareErrorsFromSession->handle(Object(Illuminate\\Http\\Request), Object(Closure))
#33 /home/u508442757/domains/tndphpm.com/public_html/admportal/vendor/laravel/framework/src/Illuminate/Routing/Pipeline.php(53): Illuminate\\Pipeline\\Pipeline->Illuminate\\Pipeline\\{closure}(Object(Illuminate\\Http\\Request))
#34 /home/u508442757/domains/tndphpm.com/public_html/admportal/vendor/laravel/framework/src/Illuminate/Session/Middleware/StartSession.php(56): Illuminate\\Routing\\Pipeline->Illuminate\\Routing\\{closure}(Object(Illuminate\\Http\\Request))
#35 /home/u508442757/domains/tndphpm.com/public_html/admportal/vendor/laravel/framework/src/Illuminate/Pipeline/Pipeline.php(163): Illuminate\\Session\\Middleware\\StartSession->handle(Object(Illuminate\\Http\\Request), Object(Closure))
#36 /home/u508442757/domains/tndphpm.com/public_html/admportal/vendor/laravel/framework/src/Illuminate/Routing/Pipeline.php(53): Illuminate\\Pipeline\\Pipeline->Illuminate\\Pipeline\\{closure}(Object(Illuminate\\Http\\Request))
#37 /home/u508442757/domains/tndphpm.com/public_html/admportal/vendor/laravel/framework/src/Illuminate/Cookie/Middleware/AddQueuedCookiesToResponse.php(37): Illuminate\\Routing\\Pipeline->Illuminate\\Routing\\{closure}(Object(Illuminate\\Http\\Request))
#38 /home/u508442757/domains/tndphpm.com/public_html/admportal/vendor/laravel/framework/src/Illuminate/Pipeline/Pipeline.php(163): Illuminate\\Cookie\\Middleware\\AddQueuedCookiesToResponse->handle(Object(Illuminate\\Http\\Request), Object(Closure))
#39 /home/u508442757/domains/tndphpm.com/public_html/admportal/vendor/laravel/framework/src/Illuminate/Routing/Pipeline.php(53): Illuminate\\Pipeline\\Pipeline->Illuminate\\Pipeline\\{closure}(Object(Illuminate\\Http\\Request))
#40 /home/u508442757/domains/tndphpm.com/public_html/admportal/vendor/laravel/framework/src/Illuminate/Cookie/Middleware/EncryptCookies.php(66): Illuminate\\Routing\\Pipeline->Illuminate\\Routing\\{closure}(Object(Illuminate\\Http\\Request))
#41 /home/u508442757/domains/tndphpm.com/public_html/admportal/vendor/laravel/framework/src/Illuminate/Pipeline/Pipeline.php(163): Illuminate\\Cookie\\Middleware\\EncryptCookies->handle(Object(Illuminate\\Http\\Request), Object(Closure))
#42 /home/u508442757/domains/tndphpm.com/public_html/admportal/vendor/laravel/framework/src/Illuminate/Routing/Pipeline.php(53): Illuminate\\Pipeline\\Pipeline->Illuminate\\Pipeline\\{closure}(Object(Illuminate\\Http\\Request))
#43 /home/u508442757/domains/tndphpm.com/public_html/admportal/vendor/laravel/framework/src/Illuminate/Pipeline/Pipeline.php(104): Illuminate\\Routing\\Pipeline->Illuminate\\Routing\\{closure}(Object(Illuminate\\Http\\Request))
#44 /home/u508442757/domains/tndphpm.com/public_html/admportal/vendor/laravel/framework/src/Illuminate/Routing/Router.php(682): Illuminate\\Pipeline\\Pipeline->then(Object(Closure))
#45 /home/u508442757/domains/tndphpm.com/public_html/admportal/vendor/laravel/framework/src/Illuminate/Routing/Router.php(657): Illuminate\\Routing\\Router->runRouteWithinStack(Object(Illuminate\\Routing\\Route), Object(Illuminate\\Http\\Request))
#46 /home/u508442757/domains/tndphpm.com/public_html/admportal/vendor/laravel/framework/src/Illuminate/Routing/Router.php(623): Illuminate\\Routing\\Router->runRoute(Object(Illuminate\\Http\\Request), Object(Illuminate\\Routing\\Route))
#47 /home/u508442757/domains/tndphpm.com/public_html/admportal/vendor/laravel/framework/src/Illuminate/Routing/Router.php(612): Illuminate\\Routing\\Router->dispatchToRoute(Object(Illuminate\\Http\\Request))
#48 /home/u508442757/domains/tndphpm.com/public_html/admportal/vendor/laravel/framework/src/Illuminate/Foundation/Http/Kernel.php(176): Illuminate\\Routing\\Router->dispatch(Object(Illuminate\\Http\\Request))
#49 /home/u508442757/domains/tndphpm.com/public_html/admportal/vendor/laravel/framework/src/Illuminate/Routing/Pipeline.php(30): Illuminate\\Foundation\\Http\\Kernel->Illuminate\\Foundation\\Http\\{closure}(Object(Illuminate\\Http\\Request))
#50 /home/u508442757/domains/tndphpm.com/public_html/admportal/vendor/laravel/framework/src/Illuminate/Foundation/Http/Middleware/TransformsRequest.php(21): Illuminate\\Routing\\Pipeline->Illuminate\\Routing\\{closure}(Object(Illuminate\\Http\\Request))
#51 /home/u508442757/domains/tndphpm.com/public_html/admportal/vendor/laravel/framework/src/Illuminate/Pipeline/Pipeline.php(163): Illuminate\\Foundation\\Http\\Middleware\\TransformsRequest->handle(Object(Illuminate\\Http\\Request), Object(Closure))
#52 /home/u508442757/domains/tndphpm.com/public_html/admportal/vendor/laravel/framework/src/Illuminate/Routing/Pipeline.php(53): Illuminate\\Pipeline\\Pipeline->Illuminate\\Pipeline\\{closure}(Object(Illuminate\\Http\\Request))
#53 /home/u508442757/domains/tndphpm.com/public_html/admportal/vendor/laravel/framework/src/Illuminate/Foundation/Http/Middleware/TransformsRequest.php(21): Illuminate\\Routing\\Pipeline->Illuminate\\Routing\\{closure}(Object(Illuminate\\Http\\Request))
#54 /home/u508442757/domains/tndphpm.com/public_html/admportal/vendor/laravel/framework/src/Illuminate/Pipeline/Pipeline.php(163): Illuminate\\Foundation\\Http\\Middleware\\TransformsRequest->handle(Object(Illuminate\\Http\\Request), Object(Closure))
#55 /home/u508442757/domains/tndphpm.com/public_html/admportal/vendor/laravel/framework/src/Illuminate/Routing/Pipeline.php(53): Illuminate\\Pipeline\\Pipeline->Illuminate\\Pipeline\\{closure}(Object(Illuminate\\Http\\Request))
#56 /home/u508442757/domains/tndphpm.com/public_html/admportal/vendor/laravel/framework/src/Illuminate/Foundation/Http/Middleware/ValidatePostSize.php(27): Illuminate\\Routing\\Pipeline->Illuminate\\Routing\\{closure}(Object(Illuminate\\Http\\Request))
#57 /home/u508442757/domains/tndphpm.com/public_html/admportal/vendor/laravel/framework/src/Illuminate/Pipeline/Pipeline.php(163): Illuminate\\Foundation\\Http\\Middleware\\ValidatePostSize->handle(Object(Illuminate\\Http\\Request), Object(Closure))
#58 /home/u508442757/domains/tndphpm.com/public_html/admportal/vendor/laravel/framework/src/Illuminate/Routing/Pipeline.php(53): Illuminate\\Pipeline\\Pipeline->Illuminate\\Pipeline\\{closure}(Object(Illuminate\\Http\\Request))
#59 /home/u508442757/domains/tndphpm.com/public_html/admportal/vendor/laravel/framework/src/Illuminate/Foundation/Http/Middleware/CheckForMaintenanceMode.php(62): Illuminate\\Routing\\Pipeline->Illuminate\\Routing\\{closure}(Object(Illuminate\\Http\\Request))
#60 /home/u508442757/domains/tndphpm.com/public_html/admportal/vendor/laravel/framework/src/Illuminate/Pipeline/Pipeline.php(163): Illuminate\\Foundation\\Http\\Middleware\\CheckForMaintenanceMode->handle(Object(Illuminate\\Http\\Request), Object(Closure))
#61 /home/u508442757/domains/tndphpm.com/public_html/admportal/vendor/laravel/framework/src/Illuminate/Routing/Pipeline.php(53): Illuminate\\Pipeline\\Pipeline->Illuminate\\Pipeline\\{closure}(Object(Illuminate\\Http\\Request))
#62 /home/u508442757/domains/tndphpm.com/public_html/admportal/vendor/fideloper/proxy/src/TrustProxies.php(57): Illuminate\\Routing\\Pipeline->Illuminate\\Routing\\{closure}(Object(Illuminate\\Http\\Request))
#63 /home/u508442757/domains/tndphpm.com/public_html/admportal/vendor/laravel/framework/src/Illuminate/Pipeline/Pipeline.php(163): Fideloper\\Proxy\\TrustProxies->handle(Object(Illuminate\\Http\\Request), Object(Closure))
#64 /home/u508442757/domains/tndphpm.com/public_html/admportal/vendor/laravel/framework/src/Illuminate/Routing/Pipeline.php(53): Illuminate\\Pipeline\\Pipeline->Illuminate\\Pipeline\\{closure}(Object(Illuminate\\Http\\Request))
#65 /home/u508442757/domains/tndphpm.com/public_html/admportal/vendor/laravel/framework/src/Illuminate/Pipeline/Pipeline.php(104): Illuminate\\Routing\\Pipeline->Illuminate\\Routing\\{closure}(Object(Illuminate\\Http\\Request))
#66 /home/u508442757/domains/tndphpm.com/public_html/admportal/vendor/laravel/framework/src/Illuminate/Foundation/Http/Kernel.php(151): Illuminate\\Pipeline\\Pipeline->then(Object(Closure))
#67 /home/u508442757/domains/tndphpm.com/public_html/admportal/vendor/laravel/framework/src/Illuminate/Foundation/Http/Kernel.php(116): Illuminate\\Foundation\\Http\\Kernel->sendRequestThroughRouter(Object(Illuminate\\Http\\Request))
#68 /home/u508442757/domains/tndphpm.com/public_html/admportal/public/index.php(55): Illuminate\\Foundation\\Http\\Kernel->handle(Object(Illuminate\\Http\\Request))
#69 /home/u508442757/domains/tndphpm.com/public_html/admportal/server.php(21): require_once('/home/u50844275...')
#70 {main}
"} 
[2024-02-24 16:22:02] local.ERROR: Call to undefined method App\Models\HUD::hud_contacts_report() {"userId":1,"exception":"[object] (BadMethodCallException(code: 0): Call to undefined method App\\Models\\HUD::hud_contacts_report() at /home/u508442757/domains/tndphpm.com/public_html/admportal/vendor/laravel/framework/src/Illuminate/Support/Traits/ForwardsCalls.php:50)
[stacktrace]
#0 /home/u508442757/domains/tndphpm.com/public_html/admportal/vendor/laravel/framework/src/Illuminate/Support/Traits/ForwardsCalls.php(36): Illuminate\\Database\\Eloquent\\Model::throwBadMethodCallException('hud_contacts_re...')
#1 /home/u508442757/domains/tndphpm.com/public_html/admportal/vendor/laravel/framework/src/Illuminate/Database/Eloquent/Model.php(1618): Illuminate\\Database\\Eloquent\\Model->forwardCallTo(Object(Illuminate\\Database\\Eloquent\\Builder), 'hud_contacts_re...', Array)
#2 /home/u508442757/domains/tndphpm.com/public_html/admportal/vendor/laravel/framework/src/Illuminate/Database/Eloquent/Concerns/QueriesRelationships.php(475): Illuminate\\Database\\Eloquent\\Model->__call('hud_contacts_re...', Array)
#3 [internal function]: Illuminate\\Database\\Eloquent\\Builder->Illuminate\\Database\\Eloquent\\Concerns\\{closure}()
#4 /home/u508442757/domains/tndphpm.com/public_html/admportal/vendor/laravel/framework/src/Illuminate/Database/Eloquent/Relations/Relation.php(90): call_user_func(Object(Closure))
#5 /home/u508442757/domains/tndphpm.com/public_html/admportal/vendor/laravel/framework/src/Illuminate/Database/Eloquent/Concerns/QueriesRelationships.php(476): Illuminate\\Database\\Eloquent\\Relations\\Relation::noConstraints(Object(Closure))
#6 /home/u508442757/domains/tndphpm.com/public_html/admportal/vendor/laravel/framework/src/Illuminate/Database/Eloquent/Concerns/QueriesRelationships.php(378): Illuminate\\Database\\Eloquent\\Builder->getRelationWithoutConstraints('hud_contacts_re...')
#7 /home/u508442757/domains/tndphpm.com/public_html/admportal/app/Exports/ConsolidateHudReport.php(24): Illuminate\\Database\\Eloquent\\Builder->withCount(Array)
#8 /home/u508442757/domains/tndphpm.com/public_html/admportal/vendor/maatwebsite/excel/src/Sheet.php(472): App\\Exports\\ConsolidateHudReport->collection()
#9 /home/u508442757/domains/tndphpm.com/public_html/admportal/vendor/maatwebsite/excel/src/Sheet.php(219): Maatwebsite\\Excel\\Sheet->fromCollection(Object(App\\Exports\\ConsolidateHudReport))
#10 /home/u508442757/domains/tndphpm.com/public_html/admportal/vendor/maatwebsite/excel/src/Writer.php(71): Maatwebsite\\Excel\\Sheet->export(Object(App\\Exports\\ConsolidateHudReport))
#11 /home/u508442757/domains/tndphpm.com/public_html/admportal/vendor/maatwebsite/excel/src/Excel.php(195): Maatwebsite\\Excel\\Writer->export(Object(App\\Exports\\ConsolidateHudReport), 'Xlsx')
#12 /home/u508442757/domains/tndphpm.com/public_html/admportal/vendor/maatwebsite/excel/src/Excel.php(84): Maatwebsite\\Excel\\Excel->export(Object(App\\Exports\\ConsolidateHudReport), 'consolidate-hud...', 'Xlsx')
#13 /home/u508442757/domains/tndphpm.com/public_html/admportal/vendor/laravel/framework/src/Illuminate/Support/Facades/Facade.php(239): Maatwebsite\\Excel\\Excel->download(Object(App\\Exports\\ConsolidateHudReport), 'consolidate-hud...')
#14 /home/u508442757/domains/tndphpm.com/public_html/admportal/app/Http/Controllers/Admin/HudController.php(258): Illuminate\\Support\\Facades\\Facade::__callStatic('download', Array)
#15 [internal function]: App\\Http\\Controllers\\Admin\\HudController->consolidateReport(Object(Illuminate\\Http\\Request))
#16 /home/u508442757/domains/tndphpm.com/public_html/admportal/vendor/laravel/framework/src/Illuminate/Routing/Controller.php(54): call_user_func_array(Array, Array)
#17 /home/u508442757/domains/tndphpm.com/public_html/admportal/vendor/laravel/framework/src/Illuminate/Routing/ControllerDispatcher.php(45): Illuminate\\Routing\\Controller->callAction('consolidateRepo...', Array)
#18 /home/u508442757/domains/tndphpm.com/public_html/admportal/vendor/laravel/framework/src/Illuminate/Routing/Route.php(219): Illuminate\\Routing\\ControllerDispatcher->dispatch(Object(Illuminate\\Routing\\Route), Object(App\\Http\\Controllers\\Admin\\HudController), 'consolidateRepo...')
#19 /home/u508442757/domains/tndphpm.com/public_html/admportal/vendor/laravel/framework/src/Illuminate/Routing/Route.php(176): Illuminate\\Routing\\Route->runController()
#20 /home/u508442757/domains/tndphpm.com/public_html/admportal/vendor/laravel/framework/src/Illuminate/Routing/Router.php(680): Illuminate\\Routing\\Route->run()
#21 /home/u508442757/domains/tndphpm.com/public_html/admportal/vendor/laravel/framework/src/Illuminate/Routing/Pipeline.php(30): Illuminate\\Routing\\Router->Illuminate\\Routing\\{closure}(Object(Illuminate\\Http\\Request))
#22 /home/u508442757/domains/tndphpm.com/public_html/admportal/vendor/laravel/framework/src/Illuminate/Routing/Middleware/SubstituteBindings.php(41): Illuminate\\Routing\\Pipeline->Illuminate\\Routing\\{closure}(Object(Illuminate\\Http\\Request))
#23 /home/u508442757/domains/tndphpm.com/public_html/admportal/vendor/laravel/framework/src/Illuminate/Pipeline/Pipeline.php(163): Illuminate\\Routing\\Middleware\\SubstituteBindings->handle(Object(Illuminate\\Http\\Request), Object(Closure))
#24 /home/u508442757/domains/tndphpm.com/public_html/admportal/vendor/laravel/framework/src/Illuminate/Routing/Pipeline.php(53): Illuminate\\Pipeline\\Pipeline->Illuminate\\Pipeline\\{closure}(Object(Illuminate\\Http\\Request))
#25 /home/u508442757/domains/tndphpm.com/public_html/admportal/vendor/laravel/framework/src/Illuminate/Auth/Middleware/Authenticate.php(43): Illuminate\\Routing\\Pipeline->Illuminate\\Routing\\{closure}(Object(Illuminate\\Http\\Request))
#26 /home/u508442757/domains/tndphpm.com/public_html/admportal/vendor/laravel/framework/src/Illuminate/Pipeline/Pipeline.php(163): Illuminate\\Auth\\Middleware\\Authenticate->handle(Object(Illuminate\\Http\\Request), Object(Closure))
#27 /home/u508442757/domains/tndphpm.com/public_html/admportal/vendor/laravel/framework/src/Illuminate/Routing/Pipeline.php(53): Illuminate\\Pipeline\\Pipeline->Illuminate\\Pipeline\\{closure}(Object(Illuminate\\Http\\Request))
#28 /home/u508442757/domains/tndphpm.com/public_html/admportal/vendor/laravel/framework/src/Illuminate/Foundation/Http/Middleware/VerifyCsrfToken.php(75): Illuminate\\Routing\\Pipeline->Illuminate\\Routing\\{closure}(Object(Illuminate\\Http\\Request))
#29 /home/u508442757/domains/tndphpm.com/public_html/admportal/vendor/laravel/framework/src/Illuminate/Pipeline/Pipeline.php(163): Illuminate\\Foundation\\Http\\Middleware\\VerifyCsrfToken->handle(Object(Illuminate\\Http\\Request), Object(Closure))
#30 /home/u508442757/domains/tndphpm.com/public_html/admportal/vendor/laravel/framework/src/Illuminate/Routing/Pipeline.php(53): Illuminate\\Pipeline\\Pipeline->Illuminate\\Pipeline\\{closure}(Object(Illuminate\\Http\\Request))
#31 /home/u508442757/domains/tndphpm.com/public_html/admportal/vendor/laravel/framework/src/Illuminate/View/Middleware/ShareErrorsFromSession.php(49): Illuminate\\Routing\\Pipeline->Illuminate\\Routing\\{closure}(Object(Illuminate\\Http\\Request))
#32 /home/u508442757/domains/tndphpm.com/public_html/admportal/vendor/laravel/framework/src/Illuminate/Pipeline/Pipeline.php(163): Illuminate\\View\\Middleware\\ShareErrorsFromSession->handle(Object(Illuminate\\Http\\Request), Object(Closure))
#33 /home/u508442757/domains/tndphpm.com/public_html/admportal/vendor/laravel/framework/src/Illuminate/Routing/Pipeline.php(53): Illuminate\\Pipeline\\Pipeline->Illuminate\\Pipeline\\{closure}(Object(Illuminate\\Http\\Request))
#34 /home/u508442757/domains/tndphpm.com/public_html/admportal/vendor/laravel/framework/src/Illuminate/Session/Middleware/StartSession.php(56): Illuminate\\Routing\\Pipeline->Illuminate\\Routing\\{closure}(Object(Illuminate\\Http\\Request))
#35 /home/u508442757/domains/tndphpm.com/public_html/admportal/vendor/laravel/framework/src/Illuminate/Pipeline/Pipeline.php(163): Illuminate\\Session\\Middleware\\StartSession->handle(Object(Illuminate\\Http\\Request), Object(Closure))
#36 /home/u508442757/domains/tndphpm.com/public_html/admportal/vendor/laravel/framework/src/Illuminate/Routing/Pipeline.php(53): Illuminate\\Pipeline\\Pipeline->Illuminate\\Pipeline\\{closure}(Object(Illuminate\\Http\\Request))
#37 /home/u508442757/domains/tndphpm.com/public_html/admportal/vendor/laravel/framework/src/Illuminate/Cookie/Middleware/AddQueuedCookiesToResponse.php(37): Illuminate\\Routing\\Pipeline->Illuminate\\Routing\\{closure}(Object(Illuminate\\Http\\Request))
#38 /home/u508442757/domains/tndphpm.com/public_html/admportal/vendor/laravel/framework/src/Illuminate/Pipeline/Pipeline.php(163): Illuminate\\Cookie\\Middleware\\AddQueuedCookiesToResponse->handle(Object(Illuminate\\Http\\Request), Object(Closure))
#39 /home/u508442757/domains/tndphpm.com/public_html/admportal/vendor/laravel/framework/src/Illuminate/Routing/Pipeline.php(53): Illuminate\\Pipeline\\Pipeline->Illuminate\\Pipeline\\{closure}(Object(Illuminate\\Http\\Request))
#40 /home/u508442757/domains/tndphpm.com/public_html/admportal/vendor/laravel/framework/src/Illuminate/Cookie/Middleware/EncryptCookies.php(66): Illuminate\\Routing\\Pipeline->Illuminate\\Routing\\{closure}(Object(Illuminate\\Http\\Request))
#41 /home/u508442757/domains/tndphpm.com/public_html/admportal/vendor/laravel/framework/src/Illuminate/Pipeline/Pipeline.php(163): Illuminate\\Cookie\\Middleware\\EncryptCookies->handle(Object(Illuminate\\Http\\Request), Object(Closure))
#42 /home/u508442757/domains/tndphpm.com/public_html/admportal/vendor/laravel/framework/src/Illuminate/Routing/Pipeline.php(53): Illuminate\\Pipeline\\Pipeline->Illuminate\\Pipeline\\{closure}(Object(Illuminate\\Http\\Request))
#43 /home/u508442757/domains/tndphpm.com/public_html/admportal/vendor/laravel/framework/src/Illuminate/Pipeline/Pipeline.php(104): Illuminate\\Routing\\Pipeline->Illuminate\\Routing\\{closure}(Object(Illuminate\\Http\\Request))
#44 /home/u508442757/domains/tndphpm.com/public_html/admportal/vendor/laravel/framework/src/Illuminate/Routing/Router.php(682): Illuminate\\Pipeline\\Pipeline->then(Object(Closure))
#45 /home/u508442757/domains/tndphpm.com/public_html/admportal/vendor/laravel/framework/src/Illuminate/Routing/Router.php(657): Illuminate\\Routing\\Router->runRouteWithinStack(Object(Illuminate\\Routing\\Route), Object(Illuminate\\Http\\Request))
#46 /home/u508442757/domains/tndphpm.com/public_html/admportal/vendor/laravel/framework/src/Illuminate/Routing/Router.php(623): Illuminate\\Routing\\Router->runRoute(Object(Illuminate\\Http\\Request), Object(Illuminate\\Routing\\Route))
#47 /home/u508442757/domains/tndphpm.com/public_html/admportal/vendor/laravel/framework/src/Illuminate/Routing/Router.php(612): Illuminate\\Routing\\Router->dispatchToRoute(Object(Illuminate\\Http\\Request))
#48 /home/u508442757/domains/tndphpm.com/public_html/admportal/vendor/laravel/framework/src/Illuminate/Foundation/Http/Kernel.php(176): Illuminate\\Routing\\Router->dispatch(Object(Illuminate\\Http\\Request))
#49 /home/u508442757/domains/tndphpm.com/public_html/admportal/vendor/laravel/framework/src/Illuminate/Routing/Pipeline.php(30): Illuminate\\Foundation\\Http\\Kernel->Illuminate\\Foundation\\Http\\{closure}(Object(Illuminate\\Http\\Request))
#50 /home/u508442757/domains/tndphpm.com/public_html/admportal/vendor/laravel/framework/src/Illuminate/Foundation/Http/Middleware/TransformsRequest.php(21): Illuminate\\Routing\\Pipeline->Illuminate\\Routing\\{closure}(Object(Illuminate\\Http\\Request))
#51 /home/u508442757/domains/tndphpm.com/public_html/admportal/vendor/laravel/framework/src/Illuminate/Pipeline/Pipeline.php(163): Illuminate\\Foundation\\Http\\Middleware\\TransformsRequest->handle(Object(Illuminate\\Http\\Request), Object(Closure))
#52 /home/u508442757/domains/tndphpm.com/public_html/admportal/vendor/laravel/framework/src/Illuminate/Routing/Pipeline.php(53): Illuminate\\Pipeline\\Pipeline->Illuminate\\Pipeline\\{closure}(Object(Illuminate\\Http\\Request))
#53 /home/u508442757/domains/tndphpm.com/public_html/admportal/vendor/laravel/framework/src/Illuminate/Foundation/Http/Middleware/TransformsRequest.php(21): Illuminate\\Routing\\Pipeline->Illuminate\\Routing\\{closure}(Object(Illuminate\\Http\\Request))
#54 /home/u508442757/domains/tndphpm.com/public_html/admportal/vendor/laravel/framework/src/Illuminate/Pipeline/Pipeline.php(163): Illuminate\\Foundation\\Http\\Middleware\\TransformsRequest->handle(Object(Illuminate\\Http\\Request), Object(Closure))
#55 /home/u508442757/domains/tndphpm.com/public_html/admportal/vendor/laravel/framework/src/Illuminate/Routing/Pipeline.php(53): Illuminate\\Pipeline\\Pipeline->Illuminate\\Pipeline\\{closure}(Object(Illuminate\\Http\\Request))
#56 /home/u508442757/domains/tndphpm.com/public_html/admportal/vendor/laravel/framework/src/Illuminate/Foundation/Http/Middleware/ValidatePostSize.php(27): Illuminate\\Routing\\Pipeline->Illuminate\\Routing\\{closure}(Object(Illuminate\\Http\\Request))
#57 /home/u508442757/domains/tndphpm.com/public_html/admportal/vendor/laravel/framework/src/Illuminate/Pipeline/Pipeline.php(163): Illuminate\\Foundation\\Http\\Middleware\\ValidatePostSize->handle(Object(Illuminate\\Http\\Request), Object(Closure))
#58 /home/u508442757/domains/tndphpm.com/public_html/admportal/vendor/laravel/framework/src/Illuminate/Routing/Pipeline.php(53): Illuminate\\Pipeline\\Pipeline->Illuminate\\Pipeline\\{closure}(Object(Illuminate\\Http\\Request))
#59 /home/u508442757/domains/tndphpm.com/public_html/admportal/vendor/laravel/framework/src/Illuminate/Foundation/Http/Middleware/CheckForMaintenanceMode.php(62): Illuminate\\Routing\\Pipeline->Illuminate\\Routing\\{closure}(Object(Illuminate\\Http\\Request))
#60 /home/u508442757/domains/tndphpm.com/public_html/admportal/vendor/laravel/framework/src/Illuminate/Pipeline/Pipeline.php(163): Illuminate\\Foundation\\Http\\Middleware\\CheckForMaintenanceMode->handle(Object(Illuminate\\Http\\Request), Object(Closure))
#61 /home/u508442757/domains/tndphpm.com/public_html/admportal/vendor/laravel/framework/src/Illuminate/Routing/Pipeline.php(53): Illuminate\\Pipeline\\Pipeline->Illuminate\\Pipeline\\{closure}(Object(Illuminate\\Http\\Request))
#62 /home/u508442757/domains/tndphpm.com/public_html/admportal/vendor/fideloper/proxy/src/TrustProxies.php(57): Illuminate\\Routing\\Pipeline->Illuminate\\Routing\\{closure}(Object(Illuminate\\Http\\Request))
#63 /home/u508442757/domains/tndphpm.com/public_html/admportal/vendor/laravel/framework/src/Illuminate/Pipeline/Pipeline.php(163): Fideloper\\Proxy\\TrustProxies->handle(Object(Illuminate\\Http\\Request), Object(Closure))
#64 /home/u508442757/domains/tndphpm.com/public_html/admportal/vendor/laravel/framework/src/Illuminate/Routing/Pipeline.php(53): Illuminate\\Pipeline\\Pipeline->Illuminate\\Pipeline\\{closure}(Object(Illuminate\\Http\\Request))
#65 /home/u508442757/domains/tndphpm.com/public_html/admportal/vendor/laravel/framework/src/Illuminate/Pipeline/Pipeline.php(104): Illuminate\\Routing\\Pipeline->Illuminate\\Routing\\{closure}(Object(Illuminate\\Http\\Request))
#66 /home/u508442757/domains/tndphpm.com/public_html/admportal/vendor/laravel/framework/src/Illuminate/Foundation/Http/Kernel.php(151): Illuminate\\Pipeline\\Pipeline->then(Object(Closure))
#67 /home/u508442757/domains/tndphpm.com/public_html/admportal/vendor/laravel/framework/src/Illuminate/Foundation/Http/Kernel.php(116): Illuminate\\Foundation\\Http\\Kernel->sendRequestThroughRouter(Object(Illuminate\\Http\\Request))
#68 /home/u508442757/domains/tndphpm.com/public_html/admportal/public/index.php(55): Illuminate\\Foundation\\Http\\Kernel->handle(Object(Illuminate\\Http\\Request))
#69 /home/u508442757/domains/tndphpm.com/public_html/admportal/server.php(21): require_once('/home/u50844275...')
#70 {main}
"} 
[2024-02-24 16:22:04] local.ERROR: Call to undefined method App\Models\HUD::hud_contacts_report() {"userId":1,"exception":"[object] (BadMethodCallException(code: 0): Call to undefined method App\\Models\\HUD::hud_contacts_report() at /home/u508442757/domains/tndphpm.com/public_html/admportal/vendor/laravel/framework/src/Illuminate/Support/Traits/ForwardsCalls.php:50)
[stacktrace]
#0 /home/u508442757/domains/tndphpm.com/public_html/admportal/vendor/laravel/framework/src/Illuminate/Support/Traits/ForwardsCalls.php(36): Illuminate\\Database\\Eloquent\\Model::throwBadMethodCallException('hud_contacts_re...')
#1 /home/u508442757/domains/tndphpm.com/public_html/admportal/vendor/laravel/framework/src/Illuminate/Database/Eloquent/Model.php(1618): Illuminate\\Database\\Eloquent\\Model->forwardCallTo(Object(Illuminate\\Database\\Eloquent\\Builder), 'hud_contacts_re...', Array)
#2 /home/u508442757/domains/tndphpm.com/public_html/admportal/vendor/laravel/framework/src/Illuminate/Database/Eloquent/Concerns/QueriesRelationships.php(475): Illuminate\\Database\\Eloquent\\Model->__call('hud_contacts_re...', Array)
#3 [internal function]: Illuminate\\Database\\Eloquent\\Builder->Illuminate\\Database\\Eloquent\\Concerns\\{closure}()
#4 /home/u508442757/domains/tndphpm.com/public_html/admportal/vendor/laravel/framework/src/Illuminate/Database/Eloquent/Relations/Relation.php(90): call_user_func(Object(Closure))
#5 /home/u508442757/domains/tndphpm.com/public_html/admportal/vendor/laravel/framework/src/Illuminate/Database/Eloquent/Concerns/QueriesRelationships.php(476): Illuminate\\Database\\Eloquent\\Relations\\Relation::noConstraints(Object(Closure))
#6 /home/u508442757/domains/tndphpm.com/public_html/admportal/vendor/laravel/framework/src/Illuminate/Database/Eloquent/Concerns/QueriesRelationships.php(378): Illuminate\\Database\\Eloquent\\Builder->getRelationWithoutConstraints('hud_contacts_re...')
#7 /home/u508442757/domains/tndphpm.com/public_html/admportal/app/Exports/ConsolidateHudReport.php(24): Illuminate\\Database\\Eloquent\\Builder->withCount(Array)
#8 /home/u508442757/domains/tndphpm.com/public_html/admportal/vendor/maatwebsite/excel/src/Sheet.php(472): App\\Exports\\ConsolidateHudReport->collection()
#9 /home/u508442757/domains/tndphpm.com/public_html/admportal/vendor/maatwebsite/excel/src/Sheet.php(219): Maatwebsite\\Excel\\Sheet->fromCollection(Object(App\\Exports\\ConsolidateHudReport))
#10 /home/u508442757/domains/tndphpm.com/public_html/admportal/vendor/maatwebsite/excel/src/Writer.php(71): Maatwebsite\\Excel\\Sheet->export(Object(App\\Exports\\ConsolidateHudReport))
#11 /home/u508442757/domains/tndphpm.com/public_html/admportal/vendor/maatwebsite/excel/src/Excel.php(195): Maatwebsite\\Excel\\Writer->export(Object(App\\Exports\\ConsolidateHudReport), 'Xlsx')
#12 /home/u508442757/domains/tndphpm.com/public_html/admportal/vendor/maatwebsite/excel/src/Excel.php(84): Maatwebsite\\Excel\\Excel->export(Object(App\\Exports\\ConsolidateHudReport), 'consolidate-hud...', 'Xlsx')
#13 /home/u508442757/domains/tndphpm.com/public_html/admportal/vendor/laravel/framework/src/Illuminate/Support/Facades/Facade.php(239): Maatwebsite\\Excel\\Excel->download(Object(App\\Exports\\ConsolidateHudReport), 'consolidate-hud...')
#14 /home/u508442757/domains/tndphpm.com/public_html/admportal/app/Http/Controllers/Admin/HudController.php(258): Illuminate\\Support\\Facades\\Facade::__callStatic('download', Array)
#15 [internal function]: App\\Http\\Controllers\\Admin\\HudController->consolidateReport(Object(Illuminate\\Http\\Request))
#16 /home/u508442757/domains/tndphpm.com/public_html/admportal/vendor/laravel/framework/src/Illuminate/Routing/Controller.php(54): call_user_func_array(Array, Array)
#17 /home/u508442757/domains/tndphpm.com/public_html/admportal/vendor/laravel/framework/src/Illuminate/Routing/ControllerDispatcher.php(45): Illuminate\\Routing\\Controller->callAction('consolidateRepo...', Array)
#18 /home/u508442757/domains/tndphpm.com/public_html/admportal/vendor/laravel/framework/src/Illuminate/Routing/Route.php(219): Illuminate\\Routing\\ControllerDispatcher->dispatch(Object(Illuminate\\Routing\\Route), Object(App\\Http\\Controllers\\Admin\\HudController), 'consolidateRepo...')
#19 /home/u508442757/domains/tndphpm.com/public_html/admportal/vendor/laravel/framework/src/Illuminate/Routing/Route.php(176): Illuminate\\Routing\\Route->runController()
#20 /home/u508442757/domains/tndphpm.com/public_html/admportal/vendor/laravel/framework/src/Illuminate/Routing/Router.php(680): Illuminate\\Routing\\Route->run()
#21 /home/u508442757/domains/tndphpm.com/public_html/admportal/vendor/laravel/framework/src/Illuminate/Routing/Pipeline.php(30): Illuminate\\Routing\\Router->Illuminate\\Routing\\{closure}(Object(Illuminate\\Http\\Request))
#22 /home/u508442757/domains/tndphpm.com/public_html/admportal/vendor/laravel/framework/src/Illuminate/Routing/Middleware/SubstituteBindings.php(41): Illuminate\\Routing\\Pipeline->Illuminate\\Routing\\{closure}(Object(Illuminate\\Http\\Request))
#23 /home/u508442757/domains/tndphpm.com/public_html/admportal/vendor/laravel/framework/src/Illuminate/Pipeline/Pipeline.php(163): Illuminate\\Routing\\Middleware\\SubstituteBindings->handle(Object(Illuminate\\Http\\Request), Object(Closure))
#24 /home/u508442757/domains/tndphpm.com/public_html/admportal/vendor/laravel/framework/src/Illuminate/Routing/Pipeline.php(53): Illuminate\\Pipeline\\Pipeline->Illuminate\\Pipeline\\{closure}(Object(Illuminate\\Http\\Request))
#25 /home/u508442757/domains/tndphpm.com/public_html/admportal/vendor/laravel/framework/src/Illuminate/Auth/Middleware/Authenticate.php(43): Illuminate\\Routing\\Pipeline->Illuminate\\Routing\\{closure}(Object(Illuminate\\Http\\Request))
#26 /home/u508442757/domains/tndphpm.com/public_html/admportal/vendor/laravel/framework/src/Illuminate/Pipeline/Pipeline.php(163): Illuminate\\Auth\\Middleware\\Authenticate->handle(Object(Illuminate\\Http\\Request), Object(Closure))
#27 /home/u508442757/domains/tndphpm.com/public_html/admportal/vendor/laravel/framework/src/Illuminate/Routing/Pipeline.php(53): Illuminate\\Pipeline\\Pipeline->Illuminate\\Pipeline\\{closure}(Object(Illuminate\\Http\\Request))
#28 /home/u508442757/domains/tndphpm.com/public_html/admportal/vendor/laravel/framework/src/Illuminate/Foundation/Http/Middleware/VerifyCsrfToken.php(75): Illuminate\\Routing\\Pipeline->Illuminate\\Routing\\{closure}(Object(Illuminate\\Http\\Request))
#29 /home/u508442757/domains/tndphpm.com/public_html/admportal/vendor/laravel/framework/src/Illuminate/Pipeline/Pipeline.php(163): Illuminate\\Foundation\\Http\\Middleware\\VerifyCsrfToken->handle(Object(Illuminate\\Http\\Request), Object(Closure))
#30 /home/u508442757/domains/tndphpm.com/public_html/admportal/vendor/laravel/framework/src/Illuminate/Routing/Pipeline.php(53): Illuminate\\Pipeline\\Pipeline->Illuminate\\Pipeline\\{closure}(Object(Illuminate\\Http\\Request))
#31 /home/u508442757/domains/tndphpm.com/public_html/admportal/vendor/laravel/framework/src/Illuminate/View/Middleware/ShareErrorsFromSession.php(49): Illuminate\\Routing\\Pipeline->Illuminate\\Routing\\{closure}(Object(Illuminate\\Http\\Request))
#32 /home/u508442757/domains/tndphpm.com/public_html/admportal/vendor/laravel/framework/src/Illuminate/Pipeline/Pipeline.php(163): Illuminate\\View\\Middleware\\ShareErrorsFromSession->handle(Object(Illuminate\\Http\\Request), Object(Closure))
#33 /home/u508442757/domains/tndphpm.com/public_html/admportal/vendor/laravel/framework/src/Illuminate/Routing/Pipeline.php(53): Illuminate\\Pipeline\\Pipeline->Illuminate\\Pipeline\\{closure}(Object(Illuminate\\Http\\Request))
#34 /home/u508442757/domains/tndphpm.com/public_html/admportal/vendor/laravel/framework/src/Illuminate/Session/Middleware/StartSession.php(56): Illuminate\\Routing\\Pipeline->Illuminate\\Routing\\{closure}(Object(Illuminate\\Http\\Request))
#35 /home/u508442757/domains/tndphpm.com/public_html/admportal/vendor/laravel/framework/src/Illuminate/Pipeline/Pipeline.php(163): Illuminate\\Session\\Middleware\\StartSession->handle(Object(Illuminate\\Http\\Request), Object(Closure))
#36 /home/u508442757/domains/tndphpm.com/public_html/admportal/vendor/laravel/framework/src/Illuminate/Routing/Pipeline.php(53): Illuminate\\Pipeline\\Pipeline->Illuminate\\Pipeline\\{closure}(Object(Illuminate\\Http\\Request))
#37 /home/u508442757/domains/tndphpm.com/public_html/admportal/vendor/laravel/framework/src/Illuminate/Cookie/Middleware/AddQueuedCookiesToResponse.php(37): Illuminate\\Routing\\Pipeline->Illuminate\\Routing\\{closure}(Object(Illuminate\\Http\\Request))
#38 /home/u508442757/domains/tndphpm.com/public_html/admportal/vendor/laravel/framework/src/Illuminate/Pipeline/Pipeline.php(163): Illuminate\\Cookie\\Middleware\\AddQueuedCookiesToResponse->handle(Object(Illuminate\\Http\\Request), Object(Closure))
#39 /home/u508442757/domains/tndphpm.com/public_html/admportal/vendor/laravel/framework/src/Illuminate/Routing/Pipeline.php(53): Illuminate\\Pipeline\\Pipeline->Illuminate\\Pipeline\\{closure}(Object(Illuminate\\Http\\Request))
#40 /home/u508442757/domains/tndphpm.com/public_html/admportal/vendor/laravel/framework/src/Illuminate/Cookie/Middleware/EncryptCookies.php(66): Illuminate\\Routing\\Pipeline->Illuminate\\Routing\\{closure}(Object(Illuminate\\Http\\Request))
#41 /home/u508442757/domains/tndphpm.com/public_html/admportal/vendor/laravel/framework/src/Illuminate/Pipeline/Pipeline.php(163): Illuminate\\Cookie\\Middleware\\EncryptCookies->handle(Object(Illuminate\\Http\\Request), Object(Closure))
#42 /home/u508442757/domains/tndphpm.com/public_html/admportal/vendor/laravel/framework/src/Illuminate/Routing/Pipeline.php(53): Illuminate\\Pipeline\\Pipeline->Illuminate\\Pipeline\\{closure}(Object(Illuminate\\Http\\Request))
#43 /home/u508442757/domains/tndphpm.com/public_html/admportal/vendor/laravel/framework/src/Illuminate/Pipeline/Pipeline.php(104): Illuminate\\Routing\\Pipeline->Illuminate\\Routing\\{closure}(Object(Illuminate\\Http\\Request))
#44 /home/u508442757/domains/tndphpm.com/public_html/admportal/vendor/laravel/framework/src/Illuminate/Routing/Router.php(682): Illuminate\\Pipeline\\Pipeline->then(Object(Closure))
#45 /home/u508442757/domains/tndphpm.com/public_html/admportal/vendor/laravel/framework/src/Illuminate/Routing/Router.php(657): Illuminate\\Routing\\Router->runRouteWithinStack(Object(Illuminate\\Routing\\Route), Object(Illuminate\\Http\\Request))
#46 /home/u508442757/domains/tndphpm.com/public_html/admportal/vendor/laravel/framework/src/Illuminate/Routing/Router.php(623): Illuminate\\Routing\\Router->runRoute(Object(Illuminate\\Http\\Request), Object(Illuminate\\Routing\\Route))
#47 /home/u508442757/domains/tndphpm.com/public_html/admportal/vendor/laravel/framework/src/Illuminate/Routing/Router.php(612): Illuminate\\Routing\\Router->dispatchToRoute(Object(Illuminate\\Http\\Request))
#48 /home/u508442757/domains/tndphpm.com/public_html/admportal/vendor/laravel/framework/src/Illuminate/Foundation/Http/Kernel.php(176): Illuminate\\Routing\\Router->dispatch(Object(Illuminate\\Http\\Request))
#49 /home/u508442757/domains/tndphpm.com/public_html/admportal/vendor/laravel/framework/src/Illuminate/Routing/Pipeline.php(30): Illuminate\\Foundation\\Http\\Kernel->Illuminate\\Foundation\\Http\\{closure}(Object(Illuminate\\Http\\Request))
#50 /home/u508442757/domains/tndphpm.com/public_html/admportal/vendor/laravel/framework/src/Illuminate/Foundation/Http/Middleware/TransformsRequest.php(21): Illuminate\\Routing\\Pipeline->Illuminate\\Routing\\{closure}(Object(Illuminate\\Http\\Request))
#51 /home/u508442757/domains/tndphpm.com/public_html/admportal/vendor/laravel/framework/src/Illuminate/Pipeline/Pipeline.php(163): Illuminate\\Foundation\\Http\\Middleware\\TransformsRequest->handle(Object(Illuminate\\Http\\Request), Object(Closure))
#52 /home/u508442757/domains/tndphpm.com/public_html/admportal/vendor/laravel/framework/src/Illuminate/Routing/Pipeline.php(53): Illuminate\\Pipeline\\Pipeline->Illuminate\\Pipeline\\{closure}(Object(Illuminate\\Http\\Request))
#53 /home/u508442757/domains/tndphpm.com/public_html/admportal/vendor/laravel/framework/src/Illuminate/Foundation/Http/Middleware/TransformsRequest.php(21): Illuminate\\Routing\\Pipeline->Illuminate\\Routing\\{closure}(Object(Illuminate\\Http\\Request))
#54 /home/u508442757/domains/tndphpm.com/public_html/admportal/vendor/laravel/framework/src/Illuminate/Pipeline/Pipeline.php(163): Illuminate\\Foundation\\Http\\Middleware\\TransformsRequest->handle(Object(Illuminate\\Http\\Request), Object(Closure))
#55 /home/u508442757/domains/tndphpm.com/public_html/admportal/vendor/laravel/framework/src/Illuminate/Routing/Pipeline.php(53): Illuminate\\Pipeline\\Pipeline->Illuminate\\Pipeline\\{closure}(Object(Illuminate\\Http\\Request))
#56 /home/u508442757/domains/tndphpm.com/public_html/admportal/vendor/laravel/framework/src/Illuminate/Foundation/Http/Middleware/ValidatePostSize.php(27): Illuminate\\Routing\\Pipeline->Illuminate\\Routing\\{closure}(Object(Illuminate\\Http\\Request))
#57 /home/u508442757/domains/tndphpm.com/public_html/admportal/vendor/laravel/framework/src/Illuminate/Pipeline/Pipeline.php(163): Illuminate\\Foundation\\Http\\Middleware\\ValidatePostSize->handle(Object(Illuminate\\Http\\Request), Object(Closure))
#58 /home/u508442757/domains/tndphpm.com/public_html/admportal/vendor/laravel/framework/src/Illuminate/Routing/Pipeline.php(53): Illuminate\\Pipeline\\Pipeline->Illuminate\\Pipeline\\{closure}(Object(Illuminate\\Http\\Request))
#59 /home/u508442757/domains/tndphpm.com/public_html/admportal/vendor/laravel/framework/src/Illuminate/Foundation/Http/Middleware/CheckForMaintenanceMode.php(62): Illuminate\\Routing\\Pipeline->Illuminate\\Routing\\{closure}(Object(Illuminate\\Http\\Request))
#60 /home/u508442757/domains/tndphpm.com/public_html/admportal/vendor/laravel/framework/src/Illuminate/Pipeline/Pipeline.php(163): Illuminate\\Foundation\\Http\\Middleware\\CheckForMaintenanceMode->handle(Object(Illuminate\\Http\\Request), Object(Closure))
#61 /home/u508442757/domains/tndphpm.com/public_html/admportal/vendor/laravel/framework/src/Illuminate/Routing/Pipeline.php(53): Illuminate\\Pipeline\\Pipeline->Illuminate\\Pipeline\\{closure}(Object(Illuminate\\Http\\Request))
#62 /home/u508442757/domains/tndphpm.com/public_html/admportal/vendor/fideloper/proxy/src/TrustProxies.php(57): Illuminate\\Routing\\Pipeline->Illuminate\\Routing\\{closure}(Object(Illuminate\\Http\\Request))
#63 /home/u508442757/domains/tndphpm.com/public_html/admportal/vendor/laravel/framework/src/Illuminate/Pipeline/Pipeline.php(163): Fideloper\\Proxy\\TrustProxies->handle(Object(Illuminate\\Http\\Request), Object(Closure))
#64 /home/u508442757/domains/tndphpm.com/public_html/admportal/vendor/laravel/framework/src/Illuminate/Routing/Pipeline.php(53): Illuminate\\Pipeline\\Pipeline->Illuminate\\Pipeline\\{closure}(Object(Illuminate\\Http\\Request))
#65 /home/u508442757/domains/tndphpm.com/public_html/admportal/vendor/laravel/framework/src/Illuminate/Pipeline/Pipeline.php(104): Illuminate\\Routing\\Pipeline->Illuminate\\Routing\\{closure}(Object(Illuminate\\Http\\Request))
#66 /home/u508442757/domains/tndphpm.com/public_html/admportal/vendor/laravel/framework/src/Illuminate/Foundation/Http/Kernel.php(151): Illuminate\\Pipeline\\Pipeline->then(Object(Closure))
#67 /home/u508442757/domains/tndphpm.com/public_html/admportal/vendor/laravel/framework/src/Illuminate/Foundation/Http/Kernel.php(116): Illuminate\\Foundation\\Http\\Kernel->sendRequestThroughRouter(Object(Illuminate\\Http\\Request))
#68 /home/u508442757/domains/tndphpm.com/public_html/admportal/public/index.php(55): Illuminate\\Foundation\\Http\\Kernel->handle(Object(Illuminate\\Http\\Request))
#69 /home/u508442757/domains/tndphpm.com/public_html/admportal/server.php(21): require_once('/home/u50844275...')
#70 {main}
"} 
