[2024-01-25 09:00:06] local.ERROR: file_put_contents(/home/u508442757/domains/tndphpm.com/public_html/admportal/storage/framework/cache/data/47/8e/478ed5c566e0d18b05cb820186fdba222ce55756): failed to open stream: No such file or directory {"exception":"[object] (ErrorException(code: 0): file_put_contents(/home/u508442757/domains/tndphpm.com/public_html/admportal/storage/framework/cache/data/47/8e/478ed5c566e0d18b05cb820186fdba222ce55756): failed to open stream: No such file or directory at /home/u508442757/domains/tndphpm.com/public_html/admportal/vendor/laravel/framework/src/Illuminate/Filesystem/Filesystem.php:122)
[stacktrace]
#0 [internal function]: Illuminate\\Foundation\\Bootstrap\\HandleExceptions->handleError(2, 'file_put_conten...', '/home/u50844275...', 122, Array)
#1 /home/u508442757/domains/tndphpm.com/public_html/admportal/vendor/laravel/framework/src/Illuminate/Filesystem/Filesystem.php(122): file_put_contents('/home/u50844275...', '1706153466i:170...', 2)
#2 /home/u508442757/domains/tndphpm.com/public_html/admportal/vendor/laravel/framework/src/Illuminate/Cache/FileStore.php(65): Illuminate\\Filesystem\\Filesystem->put('/home/u50844275...', '1706153466i:170...', true)
#3 /home/u508442757/domains/tndphpm.com/public_html/admportal/vendor/laravel/framework/src/Illuminate/Cache/Repository.php(211): Illuminate\\Cache\\FileStore->put('7589f02efa3d501...', 1706153466, 60)
#4 /home/u508442757/domains/tndphpm.com/public_html/admportal/vendor/laravel/framework/src/Illuminate/Cache/Repository.php(316): Illuminate\\Cache\\Repository->put('7589f02efa3d501...', 1706153466, 60)
#5 /home/u508442757/domains/tndphpm.com/public_html/admportal/vendor/laravel/framework/src/Illuminate/Cache/RateLimiter.php(60): Illuminate\\Cache\\Repository->add('7589f02efa3d501...', 1706153466, 60)
#6 /home/u508442757/domains/tndphpm.com/public_html/admportal/vendor/laravel/framework/src/Illuminate/Routing/Middleware/ThrottleRequests.php(56): Illuminate\\Cache\\RateLimiter->hit('7589f02efa3d501...', 60)
#7 /home/u508442757/domains/tndphpm.com/public_html/admportal/vendor/laravel/framework/src/Illuminate/Pipeline/Pipeline.php(163): Illuminate\\Routing\\Middleware\\ThrottleRequests->handle(Object(Illuminate\\Http\\Request), Object(Closure), 60, '1')
#8 /home/u508442757/domains/tndphpm.com/public_html/admportal/vendor/laravel/framework/src/Illuminate/Routing/Pipeline.php(53): Illuminate\\Pipeline\\Pipeline->Illuminate\\Pipeline\\{closure}(Object(Illuminate\\Http\\Request))
#9 /home/u508442757/domains/tndphpm.com/public_html/admportal/vendor/laravel/framework/src/Illuminate/Pipeline/Pipeline.php(104): Illuminate\\Routing\\Pipeline->Illuminate\\Routing\\{closure}(Object(Illuminate\\Http\\Request))
#10 /home/u508442757/domains/tndphpm.com/public_html/admportal/vendor/laravel/framework/src/Illuminate/Routing/Router.php(682): Illuminate\\Pipeline\\Pipeline->then(Object(Closure))
#11 /home/u508442757/domains/tndphpm.com/public_html/admportal/vendor/laravel/framework/src/Illuminate/Routing/Router.php(657): Illuminate\\Routing\\Router->runRouteWithinStack(Object(Illuminate\\Routing\\Route), Object(Illuminate\\Http\\Request))
#12 /home/u508442757/domains/tndphpm.com/public_html/admportal/vendor/laravel/framework/src/Illuminate/Routing/Router.php(623): Illuminate\\Routing\\Router->runRoute(Object(Illuminate\\Http\\Request), Object(Illuminate\\Routing\\Route))
#13 /home/u508442757/domains/tndphpm.com/public_html/admportal/vendor/laravel/framework/src/Illuminate/Routing/Router.php(612): Illuminate\\Routing\\Router->dispatchToRoute(Object(Illuminate\\Http\\Request))
#14 /home/u508442757/domains/tndphpm.com/public_html/admportal/vendor/laravel/framework/src/Illuminate/Foundation/Http/Kernel.php(176): Illuminate\\Routing\\Router->dispatch(Object(Illuminate\\Http\\Request))
#15 /home/u508442757/domains/tndphpm.com/public_html/admportal/vendor/laravel/framework/src/Illuminate/Routing/Pipeline.php(30): Illuminate\\Foundation\\Http\\Kernel->Illuminate\\Foundation\\Http\\{closure}(Object(Illuminate\\Http\\Request))
#16 /home/u508442757/domains/tndphpm.com/public_html/admportal/vendor/laravel/framework/src/Illuminate/Foundation/Http/Middleware/TransformsRequest.php(21): Illuminate\\Routing\\Pipeline->Illuminate\\Routing\\{closure}(Object(Illuminate\\Http\\Request))
#17 /home/u508442757/domains/tndphpm.com/public_html/admportal/vendor/laravel/framework/src/Illuminate/Pipeline/Pipeline.php(163): Illuminate\\Foundation\\Http\\Middleware\\TransformsRequest->handle(Object(Illuminate\\Http\\Request), Object(Closure))
#18 /home/u508442757/domains/tndphpm.com/public_html/admportal/vendor/laravel/framework/src/Illuminate/Routing/Pipeline.php(53): Illuminate\\Pipeline\\Pipeline->Illuminate\\Pipeline\\{closure}(Object(Illuminate\\Http\\Request))
#19 /home/u508442757/domains/tndphpm.com/public_html/admportal/vendor/laravel/framework/src/Illuminate/Foundation/Http/Middleware/TransformsRequest.php(21): Illuminate\\Routing\\Pipeline->Illuminate\\Routing\\{closure}(Object(Illuminate\\Http\\Request))
#20 /home/u508442757/domains/tndphpm.com/public_html/admportal/vendor/laravel/framework/src/Illuminate/Pipeline/Pipeline.php(163): Illuminate\\Foundation\\Http\\Middleware\\TransformsRequest->handle(Object(Illuminate\\Http\\Request), Object(Closure))
#21 /home/u508442757/domains/tndphpm.com/public_html/admportal/vendor/laravel/framework/src/Illuminate/Routing/Pipeline.php(53): Illuminate\\Pipeline\\Pipeline->Illuminate\\Pipeline\\{closure}(Object(Illuminate\\Http\\Request))
#22 /home/u508442757/domains/tndphpm.com/public_html/admportal/vendor/laravel/framework/src/Illuminate/Foundation/Http/Middleware/ValidatePostSize.php(27): Illuminate\\Routing\\Pipeline->Illuminate\\Routing\\{closure}(Object(Illuminate\\Http\\Request))
#23 /home/u508442757/domains/tndphpm.com/public_html/admportal/vendor/laravel/framework/src/Illuminate/Pipeline/Pipeline.php(163): Illuminate\\Foundation\\Http\\Middleware\\ValidatePostSize->handle(Object(Illuminate\\Http\\Request), Object(Closure))
#24 /home/u508442757/domains/tndphpm.com/public_html/admportal/vendor/laravel/framework/src/Illuminate/Routing/Pipeline.php(53): Illuminate\\Pipeline\\Pipeline->Illuminate\\Pipeline\\{closure}(Object(Illuminate\\Http\\Request))
#25 /home/u508442757/domains/tndphpm.com/public_html/admportal/vendor/laravel/framework/src/Illuminate/Foundation/Http/Middleware/CheckForMaintenanceMode.php(62): Illuminate\\Routing\\Pipeline->Illuminate\\Routing\\{closure}(Object(Illuminate\\Http\\Request))
#26 /home/u508442757/domains/tndphpm.com/public_html/admportal/vendor/laravel/framework/src/Illuminate/Pipeline/Pipeline.php(163): Illuminate\\Foundation\\Http\\Middleware\\CheckForMaintenanceMode->handle(Object(Illuminate\\Http\\Request), Object(Closure))
#27 /home/u508442757/domains/tndphpm.com/public_html/admportal/vendor/laravel/framework/src/Illuminate/Routing/Pipeline.php(53): Illuminate\\Pipeline\\Pipeline->Illuminate\\Pipeline\\{closure}(Object(Illuminate\\Http\\Request))
#28 /home/u508442757/domains/tndphpm.com/public_html/admportal/vendor/fideloper/proxy/src/TrustProxies.php(57): Illuminate\\Routing\\Pipeline->Illuminate\\Routing\\{closure}(Object(Illuminate\\Http\\Request))
#29 /home/u508442757/domains/tndphpm.com/public_html/admportal/vendor/laravel/framework/src/Illuminate/Pipeline/Pipeline.php(163): Fideloper\\Proxy\\TrustProxies->handle(Object(Illuminate\\Http\\Request), Object(Closure))
#30 /home/u508442757/domains/tndphpm.com/public_html/admportal/vendor/laravel/framework/src/Illuminate/Routing/Pipeline.php(53): Illuminate\\Pipeline\\Pipeline->Illuminate\\Pipeline\\{closure}(Object(Illuminate\\Http\\Request))
#31 /home/u508442757/domains/tndphpm.com/public_html/admportal/vendor/laravel/framework/src/Illuminate/Pipeline/Pipeline.php(104): Illuminate\\Routing\\Pipeline->Illuminate\\Routing\\{closure}(Object(Illuminate\\Http\\Request))
#32 /home/u508442757/domains/tndphpm.com/public_html/admportal/vendor/laravel/framework/src/Illuminate/Foundation/Http/Kernel.php(151): Illuminate\\Pipeline\\Pipeline->then(Object(Closure))
#33 /home/u508442757/domains/tndphpm.com/public_html/admportal/vendor/laravel/framework/src/Illuminate/Foundation/Http/Kernel.php(116): Illuminate\\Foundation\\Http\\Kernel->sendRequestThroughRouter(Object(Illuminate\\Http\\Request))
#34 /home/u508442757/domains/tndphpm.com/public_html/admportal/public/index.php(55): Illuminate\\Foundation\\Http\\Kernel->handle(Object(Illuminate\\Http\\Request))
#35 /home/u508442757/domains/tndphpm.com/public_html/admportal/server.php(21): require_once('/home/u50844275...')
#36 {main}
"} 
